<?xml version="1.0" encoding="utf-8"?><testsuites name="pytest tests"><testsuite name="pytest" errors="0" failures="0" skipped="0" tests="12" time="7.835" timestamp="2026-04-13T07:02:50.362148+00:00" hostname="agent-env-1c74ec1e-d1d8-444c-8d34-b3f188553fab"><testcase classname="backend.tests.test_iteration8_blank_filled_filters.TestBlankFilledFilters" name="test_reports_enquiries_blank_filter" time="0.696" /><testcase classname="backend.tests.test_iteration8_blank_filled_filters.TestBlankFilledFilters" name="test_reports_enquiries_filled_filter" time="0.532" /><testcase classname="backend.tests.test_iteration8_blank_filled_filters.TestBlankFilledFilters" name="test_blank_plus_filled_equals_total" time="0.590" /><testcase classname="backend.tests.test_iteration8_blank_filled_filters.TestBlankFilledFilters" name="test_text_filter_still_works" time="0.497" /><testcase classname="backend.tests.test_iteration8_blank_filled_filters.TestBlankFilledFilters" name="test_export_excel_blank_filter" time="1.724" /><testcase classname="backend.tests.test_iteration8_blank_filled_filters.TestBlankFilledFilters" name="test_export_excel_filled_filter" time="0.776" /><testcase classname="backend.tests.test_iteration8_blank_filled_filters.TestBlankFilledFilters" name="test_multiple_stage_filters_with_blank_filled" time="0.482" /><testcase classname="backend.tests.test_iteration8_blank_filled_filters.TestBlankFilledFilters" name="test_standard_filters_still_work" time="0.497" /><testcase classname="backend.tests.test_iteration8_blank_filled_filters.TestBlankFilledFilters" name="test_combined_standard_and_stage_filters" time="0.516" /><testcase classname="backend.tests.test_iteration8_blank_filled_filters.TestSelectTypeStageFilters" name="test_select_stage_blank_filter" time="0.488" /><testcase classname="backend.tests.test_iteration8_blank_filled_filters.TestSelectTypeStageFilters" name="test_select_stage_filled_filter" time="0.484" /><testcase classname="backend.tests.test_iteration8_blank_filled_filters.TestSelectTypeStageFilters" name="test_select_stage_specific_option_filter" time="0.468" /></testsuite></testsuites>