<?xml version="1.0" encoding="utf-8"?><testsuites name="pytest tests"><testsuite name="pytest" errors="0" failures="0" skipped="0" tests="16" time="11.398" timestamp="2026-04-13T06:42:17.166548+00:00" hostname="agent-env-1c74ec1e-d1d8-444c-8d34-b3f188553fab"><testcase classname="backend.tests.test_iteration7_stage_filters.TestStageFiltersBackend" name="test_reports_enquiries_without_stage_filters" time="0.979" /><testcase classname="backend.tests.test_iteration7_stage_filters.TestStageFiltersBackend" name="test_reports_enquiries_with_text_stage_filter" time="1.085" /><testcase classname="backend.tests.test_iteration7_stage_filters.TestStageFiltersBackend" name="test_reports_enquiries_with_select_stage_filter" time="1.005" /><testcase classname="backend.tests.test_iteration7_stage_filters.TestStageFiltersBackend" name="test_reports_enquiries_with_multiple_stage_filters" time="0.929" /><testcase classname="backend.tests.test_iteration7_stage_filters.TestStageFiltersBackend" name="test_reports_enquiries_combined_with_standard_filters" time="0.861" /><testcase classname="backend.tests.test_iteration7_stage_filters.TestStageFiltersBackend" name="test_reports_enquiries_empty_stage_filter" time="0.863" /><testcase classname="backend.tests.test_iteration7_stage_filters.TestStageFiltersBackend" name="test_reports_enquiries_invalid_stage_filter_json" time="0.975" /><testcase classname="backend.tests.test_iteration7_stage_filters.TestStageFiltersBackend" name="test_export_excel_with_stage_filters" time="0.978" /><testcase classname="backend.tests.test_iteration7_stage_filters.TestStageFiltersBackend" name="test_export_excel_with_multiple_filters" time="0.906" /><testcase classname="backend.tests.test_iteration7_stage_filters.TestStandardFiltersStillWork" name="test_filter_by_customer_name" time="0.366" /><testcase classname="backend.tests.test_iteration7_stage_filters.TestStandardFiltersStillWork" name="test_filter_by_fabric_type" time="0.390" /><testcase classname="backend.tests.test_iteration7_stage_filters.TestStandardFiltersStillWork" name="test_filter_by_department" time="0.408" /><testcase classname="backend.tests.test_iteration7_stage_filters.TestStandardFiltersStillWork" name="test_filter_by_style_no" time="0.391" /><testcase classname="backend.tests.test_iteration7_stage_filters.TestStandardFiltersStillWork" name="test_filter_by_date_range" time="0.390" /><testcase classname="backend.tests.test_iteration7_stage_filters.TestStagesEndpoint" name="test_stages_returns_input_type" time="0.406" /><testcase classname="backend.tests.test_iteration7_stage_filters.TestStagesEndpoint" name="test_stages_returns_select_options" time="0.396" /></testsuite></testsuites>