<?xml version="1.0" encoding="utf-8"?><testsuites name="pytest tests"><testsuite name="pytest" errors="0" failures="0" skipped="0" tests="10" time="5.736" timestamp="2026-04-11T08:58:03.639928+00:00" hostname="agent-env-1c74ec1e-d1d8-444c-8d34-b3f188553fab"><testcase classname="backend.tests.test_iteration5.TestAuth" name="test_admin_login" time="0.498" /><testcase classname="backend.tests.test_iteration5.TestDepartmentCRUD" name="test_list_departments" time="0.371" /><testcase classname="backend.tests.test_iteration5.TestDepartmentCRUD" name="test_create_department" time="0.409" /><testcase classname="backend.tests.test_iteration5.TestDepartmentCRUD" name="test_update_department" time="0.449" /><testcase classname="backend.tests.test_iteration5.TestDepartmentCRUD" name="test_delete_department" time="0.474" /><testcase classname="backend.tests.test_iteration5.TestStagePermissions" name="test_stage_has_assigned_users_field" time="0.415" /><testcase classname="backend.tests.test_iteration5.TestStagePermissions" name="test_comment_permission_denied" time="0.867" /><testcase classname="backend.tests.test_iteration5.TestStagePermissions" name="test_comment_permission_allowed" time="0.900" /><testcase classname="backend.tests.test_iteration5.TestExcelExport" name="test_excel_export_has_new_columns" time="0.778" /><testcase classname="backend.tests.test_iteration5.TestEnquiryNoAssignedTo" name="test_enquiry_creation_without_assigned_to" time="0.498" /></testsuite></testsuites>