<?xml version="1.0" encoding="utf-8"?><testsuites name="pytest tests"><testsuite name="pytest" errors="0" failures="0" skipped="0" tests="18" time="3.206" timestamp="2026-04-12T08:18:28.667428+00:00" hostname="agent-env-1c74ec1e-d1d8-444c-8d34-b3f188553fab"><testcase classname="backend.tests.test_iteration6.TestCustomerMaster" name="test_get_customers_list" time="0.412" /><testcase classname="backend.tests.test_iteration6.TestCustomerMaster" name="test_create_customer" time="0.043" /><testcase classname="backend.tests.test_iteration6.TestCustomerMaster" name="test_create_duplicate_customer_fails" time="0.042" /><testcase classname="backend.tests.test_iteration6.TestCustomerMaster" name="test_get_customer_after_create" time="0.043" /><testcase classname="backend.tests.test_iteration6.TestCustomerMaster" name="test_update_customer" time="0.042" /><testcase classname="backend.tests.test_iteration6.TestCustomerMaster" name="test_delete_customer" time="0.122" /><testcase classname="backend.tests.test_iteration6.TestFabricTypeMaster" name="test_get_fabric_types_list" time="0.369" /><testcase classname="backend.tests.test_iteration6.TestFabricTypeMaster" name="test_create_fabric_type_with_all_fields" time="0.042" /><testcase classname="backend.tests.test_iteration6.TestFabricTypeMaster" name="test_create_fabric_type_name_only" time="0.085" /><testcase classname="backend.tests.test_iteration6.TestFabricTypeMaster" name="test_create_duplicate_fabric_type_fails" time="0.085" /><testcase classname="backend.tests.test_iteration6.TestFabricTypeMaster" name="test_update_fabric_type" time="0.046" /><testcase classname="backend.tests.test_iteration6.TestFabricTypeMaster" name="test_delete_fabric_type" time="0.129" /><testcase classname="backend.tests.test_iteration6.TestEnquiryWithMasters" name="test_setup_test_data" time="0.419" /><testcase classname="backend.tests.test_iteration6.TestEnquiryWithMasters" name="test_create_enquiry_with_fabric_received_no" time="0.050" /><testcase classname="backend.tests.test_iteration6.TestEnquiryWithMasters" name="test_update_enquiry_fabric_received_yes" time="0.060" /><testcase classname="backend.tests.test_iteration6.TestEnquiryWithMasters" name="test_get_enquiry_verify_fields" time="0.043" /><testcase classname="backend.tests.test_iteration6.TestEnquiryWithMasters" name="test_cleanup_test_data" time="0.135" /><testcase classname="backend.tests.test_iteration6.TestExcelExportColumns" name="test_excel_export_endpoint" time="0.944" /></testsuite></testsuites>