<?xml version="1.0" encoding="utf-8"?><testsuites name="pytest tests"><testsuite name="pytest" errors="0" failures="0" skipped="0" tests="10" time="4.402" timestamp="2026-04-18T14:51:29.073716+00:00" hostname="agent-env-1c74ec1e-d1d8-444c-8d34-b3f188553fab"><testcase classname="backend.tests.test_iteration10_voice_notes.TestVoiceNotesFeature" name="test_create_enquiry_without_removed_fields" time="0.398" /><testcase classname="backend.tests.test_iteration10_voice_notes.TestVoiceNotesFeature" name="test_upload_voice_note" time="0.522" /><testcase classname="backend.tests.test_iteration10_voice_notes.TestVoiceNotesFeature" name="test_voice_notes_returned_with_enquiry" time="0.385" /><testcase classname="backend.tests.test_iteration10_voice_notes.TestVoiceNotesFeature" name="test_upload_multiple_voice_notes" time="0.618" /><testcase classname="backend.tests.test_iteration10_voice_notes.TestVoiceNotesFeature" name="test_delete_voice_note_admin" time="0.383" /><testcase classname="backend.tests.test_iteration10_voice_notes.TestVoiceNotesFeature" name="test_voice_note_upload_to_nonexistent_enquiry" time="0.383" /><testcase classname="backend.tests.test_iteration10_voice_notes.TestFormFieldRemoval" name="test_enquiry_creation_with_fabric_received_yes" time="0.422" /><testcase classname="backend.tests.test_iteration10_voice_notes.TestFormFieldRemoval" name="test_enquiry_creation_with_fabric_received_no" time="0.426" /><testcase classname="backend.tests.test_iteration10_voice_notes.TestFormFieldRemoval" name="test_enquiry_list_returns_rate_field" time="0.372" /><testcase classname="backend.tests.test_iteration10_voice_notes.TestCleanup" name="test_cleanup_test_enquiries" time="0.419" /></testsuite></testsuites>