<?xml version="1.0" encoding="utf-8"?><testsuites name="pytest tests"><testsuite name="pytest" errors="0" failures="0" skipped="0" tests="15" time="4.437" timestamp="2026-04-18T07:49:47.506007+00:00" hostname="agent-env-1c74ec1e-d1d8-444c-8d34-b3f188553fab"><testcase classname="backend.tests.test_iteration9_features.TestAuth" name="test_admin_login" time="0.351" /><testcase classname="backend.tests.test_iteration9_features.TestDepartmentHierarchy" name="test_get_departments" time="0.376" /><testcase classname="backend.tests.test_iteration9_features.TestDepartmentHierarchy" name="test_get_department_hierarchy" time="0.094" /><testcase classname="backend.tests.test_iteration9_features.TestDepartmentHierarchy" name="test_update_department_hierarchy" time="0.198" /><testcase classname="backend.tests.test_iteration9_features.TestEnquiryCloseReopen" name="test_get_enquiries" time="0.395" /><testcase classname="backend.tests.test_iteration9_features.TestEnquiryCloseReopen" name="test_close_enquiry_admin" time="0.154" /><testcase classname="backend.tests.test_iteration9_features.TestEnquiryCloseReopen" name="test_reopen_enquiry_admin" time="0.156" /><testcase classname="backend.tests.test_iteration9_features.TestNotifications" name="test_get_notifications" time="0.420" /><testcase classname="backend.tests.test_iteration9_features.TestNotifications" name="test_get_unread_count" time="0.051" /><testcase classname="backend.tests.test_iteration9_features.TestNotifications" name="test_mark_all_read" time="0.098" /><testcase classname="backend.tests.test_iteration9_features.TestPendingStagesReport" name="test_get_pending_stages_report" time="0.368" /><testcase classname="backend.tests.test_iteration9_features.TestEnquiryCreateWithoutPOFields" name="test_create_enquiry_without_po_fields" time="0.583" /><testcase classname="backend.tests.test_iteration9_features.TestClosedEnquiryRestrictions" name="test_close_requires_admin" time="0.366" /><testcase classname="backend.tests.test_iteration9_features.TestStagesAPI" name="test_get_stages" time="0.371" /><testcase classname="backend.tests.test_iteration9_features.TestUsersAPI" name="test_get_users" time="0.359" /></testsuite></testsuites>